Drill report for /home/tds/hardware/precision clock/precision clock.kicad_pcb
Created on Sun 19 Aug 2018 00:39:24 BST

Copper Layer Stackup:
    =============================================================
    L1 :  F.Cu                      front
    L2 :  B.Cu                      back


Drill file 'precision clock-PTH.drl' contains
    plated through holes:
    =============================================================
    T1  0.50mm  0.020"  (109 holes)
    T2  0.75mm  0.030"  (9 holes)
    T3  0.76mm  0.030"  (190 holes)
    T4  0.80mm  0.031"  (80 holes)
    T5  0.90mm  0.035"  (21 holes)
    T6  1.00mm  0.039"  (7 holes)
    T7  2.54mm  0.100"  (3 holes)

    Total plated holes count 419


Drill file 'precision clock-NPTH.drl' contains
    unplated through holes:
    =============================================================

    Total unplated holes count 0
